#
# There is insufficient memory for the Java Runtime Environment to continue.
# Native memory allocation (mmap) failed to map 65011712 bytes for G1 virtual space
# Possible reasons:
#   The system is out of physical RAM or swap space
#   The process is running with CompressedOops enabled, and the Java Heap may be blocking the growth of the native heap
# Possible solutions:
#   Reduce memory load on the system
#   Increase physical memory or swap space
#   Check if swap backing store is full
#   Decrease Java heap size (-Xmx/-Xms)
#   Decrease number of Java threads
#   Decrease Java thread stack sizes (-Xss)
#   Set larger code cache with -XX:ReservedCodeCacheSize=
#   JVM is running with Unscaled Compressed Oops mode in which the Java heap is
#     placed in the first 4GB address space. The Java Heap base address is the
#     maximum limit for the native heap growth. Please use -XX:HeapBaseMinAddress
#     to set the Java Heap base and to place the Java Heap above 4GB virtual address.
# This output file may be truncated or incomplete.
#
#  Out of Memory Error (os_windows.cpp:3548), pid=2392, tid=18116
#
# JRE version:  (17.0.12+8) (build )
# Java VM: Java HotSpot(TM) 64-Bit Server VM (17.0.12+8-LTS-286, mixed mode, emulated-client, sharing, tiered, compressed oops, compressed class ptrs, g1 gc, windows-amd64)
# No core dump will be written. Minidumps are not enabled by default on client versions of Windows
#

---------------  S U M M A R Y ------------

Command Line: -XX:TieredStopAtLevel=1 com.urbanpark.parking.ParkingApplication

Host: Intel(R) Core(TM) i3-7100U CPU @ 2.40GHz, 4 cores, 3G,  Windows 11 , 64 bit Build 26100 (10.0.26100.8328)
Time: Sat May 30 15:06:09 2026 Hora est. Pacífico, Sudamérica elapsed time: 0.226292 seconds (0d 0h 0m 0s)

---------------  T H R E A D  ---------------

Current thread (0x000001d210fc3e50):  JavaThread "Unknown thread" [_thread_in_vm, id=18116, stack(0x000000c9db400000,0x000000c9db500000)]

Stack: [0x000000c9db400000,0x000000c9db500000]
Native frames: (J=compiled Java code, j=interpreted, Vv=VM code, C=native code)
V  [jvm.dll+0x67a04a]
V  [jvm.dll+0x7da4ed]
V  [jvm.dll+0x7dbe33]
V  [jvm.dll+0x7dc4a3]
V  [jvm.dll+0x24508f]
V  [jvm.dll+0x677089]
V  [jvm.dll+0x66bd32]
V  [jvm.dll+0x301fa6]
V  [jvm.dll+0x309546]
V  [jvm.dll+0x359d2e]
V  [jvm.dll+0x359f5f]
V  [jvm.dll+0x2d9078]
V  [jvm.dll+0x2d9fe4]
V  [jvm.dll+0x7aca21]
V  [jvm.dll+0x367591]
V  [jvm.dll+0x78b999]
V  [jvm.dll+0x3ec83f]
V  [jvm.dll+0x3ee471]
C  [jli.dll+0x5297]
C  [ucrtbase.dll+0x37b0]
C  [KERNEL32.DLL+0x2e957]
C  [ntdll.dll+0x427c]


---------------  P R O C E S S  ---------------

Threads class SMR info:
_java_thread_list=0x00007ffaa66e7a18, length=0, elements={
}

Java Threads: ( => current thread )

Other Threads:
  0x000001d2110095b0 GCTaskThread "GC Thread#0" [stack: 0x000000c9db500000,0x000000c9db600000] [id=1748]
  0x000001d211012100 ConcurrentGCThread "G1 Main Marker" [stack: 0x000000c9db600000,0x000000c9db700000] [id=13228]
  0x000001d211012b10 ConcurrentGCThread "G1 Conc#0" [stack: 0x000000c9db700000,0x000000c9db800000] [id=18996]

[error occurred during error reporting (printing all threads), id 0xc0000005, EXCEPTION_ACCESS_VIOLATION (0xc0000005) at pc=0x00007ffaa5f19b67]

VM state: not at safepoint (not fully initialized)

VM Mutex/Monitor currently owned by a thread:  ([mutex/lock_event])
[0x000001d210fbfe50] Heap_lock - owner thread: 0x000001d210fc3e50

Heap address: 0x00000000c2000000, size: 992 MB, Compressed Oops mode: 32-bit

CDS archive(s) mapped at: [0x0000000000000000-0x0000000000000000-0x0000000000000000), size 0, SharedBaseAddress: 0x0000000800000000, ArchiveRelocationMode: 1.
Narrow klass base: 0x0000000000000000, Narrow klass shift: 0, Narrow klass range: 0x0

GC Precious Log:
<Empty>

Heap:
 garbage-first heap   total 0K, used 0K [0x00000000c2000000, 0x0000000100000000)
  region size 1024K, 0 young (0K), 0 survivors (0K)

[error occurred during error reporting (printing heap information), id 0xc0000005, EXCEPTION_ACCESS_VIOLATION (0xc0000005) at pc=0x00007ffaa6303859]

GC Heap History (0 events):
No events

Deoptimization events (0 events):
No events

Classes unloaded (0 events):
No events

Classes redefined (0 events):
No events

Internal exceptions (0 events):
No events

VM Operations (0 events):
No events

Events (1 events):
Event: 0.031 Loaded shared library C:\Program Files\Java\jdk-17\bin\java.dll


Dynamic libraries:
0x00007ff7142a0000 - 0x00007ff7142b0000 	C:\Program Files\Java\jdk-17\bin\java.exe
0x00007ffb74b60000 - 0x00007ffb74dc7000 	C:\WINDOWS\SYSTEM32\ntdll.dll
0x00007ffb73d50000 - 0x00007ffb73e19000 	C:\WINDOWS\System32\KERNEL32.DLL
0x00007ffb71590000 - 0x00007ffb71987000 	C:\WINDOWS\System32\KERNELBASE.dll
0x00007ffb723e0000 - 0x00007ffb7252b000 	C:\WINDOWS\System32\ucrtbase.dll
0x00007ffb41230000 - 0x00007ffb4124b000 	C:\Program Files\Java\jdk-17\bin\VCRUNTIME140.dll
0x00007ffb41250000 - 0x00007ffb41269000 	C:\Program Files\Java\jdk-17\bin\jli.dll
0x00007ffb728e0000 - 0x00007ffb72996000 	C:\WINDOWS\System32\ADVAPI32.dll
0x00007ffb738a0000 - 0x00007ffb73949000 	C:\WINDOWS\System32\msvcrt.dll
0x00007ffb746e0000 - 0x00007ffb74787000 	C:\WINDOWS\System32\sechost.dll
0x00007ffb729a0000 - 0x00007ffb72ab8000 	C:\WINDOWS\System32\RPCRT4.dll
0x00007ffb72ca0000 - 0x00007ffb72e66000 	C:\WINDOWS\System32\USER32.dll
0x00007ffb72530000 - 0x00007ffb72557000 	C:\WINDOWS\System32\win32u.dll
0x00007ffb72ac0000 - 0x00007ffb72aeb000 	C:\WINDOWS\System32\GDI32.dll
0x00007ffb71990000 - 0x00007ffb71abc000 	C:\WINDOWS\System32\gdi32full.dll
0x00007ffb72330000 - 0x00007ffb723d3000 	C:\WINDOWS\System32\msvcp_win.dll
0x00007ffb609a0000 - 0x00007ffb60c32000 	C:\WINDOWS\WinSxS\amd64_microsoft.windows.common-controls_6595b64144ccf1df_6.0.26100.8457_none_3e0b2faee331e92d\COMCTL32.dll
0x00007ffb6a550000 - 0x00007ffb6a55b000 	C:\WINDOWS\SYSTEM32\VERSION.dll
0x00007ffb73a80000 - 0x00007ffb73ab2000 	C:\WINDOWS\System32\IMM32.DLL
0x00007ffb41f70000 - 0x00007ffb41f7c000 	C:\Program Files\Java\jdk-17\bin\vcruntime140_1.dll
0x00007ffb2ade0000 - 0x00007ffb2ae6e000 	C:\Program Files\Java\jdk-17\bin\msvcp140.dll
0x00007ffaa5c30000 - 0x00007ffaa6810000 	C:\Program Files\Java\jdk-17\bin\server\jvm.dll
0x00007ffb73a70000 - 0x00007ffb73a78000 	C:\WINDOWS\System32\PSAPI.DLL
0x00007ffb6b550000 - 0x00007ffb6b55a000 	C:\WINDOWS\SYSTEM32\WSOCK32.dll
0x00007ffb739e0000 - 0x00007ffb73a60000 	C:\WINDOWS\System32\WS2_32.dll
0x00007ffb62070000 - 0x00007ffb620a6000 	C:\WINDOWS\SYSTEM32\WINMM.dll
0x00007ffb70320000 - 0x00007ffb7033b000 	C:\WINDOWS\SYSTEM32\kernel.appcore.dll
0x00007ffb41220000 - 0x00007ffb4122a000 	C:\Program Files\Java\jdk-17\bin\jimage.dll
0x00007ffb53f80000 - 0x00007ffb541c2000 	C:\WINDOWS\SYSTEM32\DBGHELP.DLL
0x00007ffb74790000 - 0x00007ffb74b13000 	C:\WINDOWS\System32\combase.dll
0x00007ffb745b0000 - 0x00007ffb74689000 	C:\WINDOWS\System32\OLEAUT32.dll
0x00007ffb53410000 - 0x00007ffb5344b000 	C:\WINDOWS\SYSTEM32\dbgcore.DLL
0x00007ffb72620000 - 0x00007ffb726c8000 	C:\WINDOWS\System32\bcryptPrimitives.dll
0x00007ffb411f0000 - 0x00007ffb41215000 	C:\Program Files\Java\jdk-17\bin\java.dll

dbghelp: loaded successfully - version: 4.0.5 - missing functions: none
symbol engine: initialized successfully - sym options: 0x614 - pdb path: .;C:\Program Files\Java\jdk-17\bin;C:\WINDOWS\SYSTEM32;C:\WINDOWS\WinSxS\amd64_microsoft.windows.common-controls_6595b64144ccf1df_6.0.26100.8457_none_3e0b2faee331e92d;C:\Program Files\Java\jdk-17\bin\server

VM Arguments:
jvm_args: -XX:TieredStopAtLevel=1 
java_command: com.urbanpark.parking.ParkingApplication
java_class_path (initial): C:\Users\jairo\Documents\BackendHD\target\classes;C:\Users\jairo\.m2\repository\ch\qos\logback\logback-classic\1.5.32\logback-classic-1.5.32.jar;C:\Users\jairo\.m2\repository\ch\qos\logback\logback-core\1.5.32\logback-core-1.5.32.jar;C:\Users\jairo\.m2\repository\org\apache\logging\log4j\log4j-to-slf4j\2.25.4\log4j-to-slf4j-2.25.4.jar;C:\Users\jairo\.m2\repository\org\apache\logging\log4j\log4j-api\2.25.4\log4j-api-2.25.4.jar;C:\Users\jairo\.m2\repository\org\slf4j\jul-to-slf4j\2.0.17\jul-to-slf4j-2.0.17.jar;C:\Users\jairo\.m2\repository\org\springframework\boot\spring-boot-autoconfigure\4.0.6\spring-boot-autoconfigure-4.0.6.jar;C:\Users\jairo\.m2\repository\jakarta\annotation\jakarta.annotation-api\3.0.0\jakarta.annotation-api-3.0.0.jar;C:\Users\jairo\.m2\repository\org\yaml\snakeyaml\2.5\snakeyaml-2.5.jar;C:\Users\jairo\.m2\repository\com\zaxxer\HikariCP\7.0.2\HikariCP-7.0.2.jar;C:\Users\jairo\.m2\repository\org\slf4j\slf4j-api\2.0.17\slf4j-api-2.0.17.jar;C:\Users\jairo\.m2\repository\org\springframework\boot\spring-boot-data-jpa\4.0.6\spring-boot-data-jpa-4.0.6.jar;C:\Users\jairo\.m2\repository\org\springframework\boot\spring-boot-data-commons\4.0.6\spring-boot-data-commons-4.0.6.jar;C:\Users\jairo\.m2\repository\org\springframework\boot\spring-boot-persistence\4.0.6\spring-boot-persistence-4.0.6.jar;C:\Users\jairo\.m2\repository\org\springframework\data\spring-data-commons\4.0.5\spring-data-commons-4.0.5.jar;C:\Users\jairo\.m2\repository\org\springframework\boot\spring-boot-hibernate\4.0.6\spring-boot-hibernate-4.0.6.jar;C:\Users\jairo\.m2\repository\org\springframework\boot\spring-boot-jpa\4.0.6\spring-boot-jpa-4.0.6.jar;C:\Users\jairo\.m2\repository\jakarta\persistence\jakarta.persistence-api\3.2.0\jakarta.persistence-api-3.2.0.jar;C:\Users\jairo\.m2\repository\org\hibernate\orm\hibernate-core\7.2.12.Final\hibernate-core-7.2.12.Final.jar;C:\Users\jairo\.m2\repository\jakarta\transaction\jakarta.transaction-api\2.0.1\jakarta.transac
Launcher Type: SUN_STANDARD

[Global flags]
     intx CICompilerCount                          = 3                                         {product} {ergonomic}
     uint ConcGCThreads                            = 1                                         {product} {ergonomic}
     uint G1ConcRefinementThreads                  = 4                                         {product} {ergonomic}
   size_t G1HeapRegionSize                         = 1048576                                   {product} {ergonomic}
    uintx GCDrainStackTargetSize                   = 64                                        {product} {ergonomic}
   size_t InitialHeapSize                          = 65011712                                  {product} {ergonomic}
   size_t MarkStackSize                            = 4194304                                   {product} {ergonomic}
   size_t MaxHeapSize                              = 1040187392                                {product} {ergonomic}
   size_t MinHeapDeltaBytes                        = 1048576                                   {product} {ergonomic}
   size_t MinHeapSize                              = 8388608                                   {product} {ergonomic}
    uintx NonProfiledCodeHeapSize                  = 0                                      {pd product} {ergonomic}
     bool ProfileInterpreter                       = false                                  {pd product} {command line}
    uintx ProfiledCodeHeapSize                     = 0                                      {pd product} {ergonomic}
   size_t SoftMaxHeapSize                          = 1040187392                             {manageable} {ergonomic}
     intx TieredStopAtLevel                        = 1                                         {product} {command line}
     bool UseCompressedClassPointers               = true                           {product lp64_product} {ergonomic}
     bool UseCompressedOops                        = true                           {product lp64_product} {ergonomic}
     bool UseG1GC                                  = true                                      {product} {ergonomic}
     bool UseLargePagesIndividualAllocation        = false                                  {pd product} {ergonomic}

Logging:
Log output configuration:
 #0: stdout all=warning uptime,level,tags
 #1: stderr all=off uptime,level,tags

Environment Variables:
PATH=c:\Users\jairo\AppData\Local\Programs\cursor\resources\app\resources\helpers;C:\Program Files\Common Files\Oracle\Java\javapath;C:\Program Files (x86)\Common Files\Oracle\Java\java8path;C:\Program Files (x86)\Common Files\Oracle\Java\javapath;C:\WINDOWS\system32;C:\WINDOWS;C:\WINDOWS\System32\Wbem;C:\WINDOWS\System32\WindowsPowerShell\v1.0\;C:\WINDOWS\System32\OpenSSH\;C:\Program Files\Git\cmd;C:\Program Files\nodejs\;C:\ProgramData\chocolatey\bin;C:\maven\apache-maven-3.9.16\bin;C:\Users\jairo\AppData\Roaming\npm;C:\Users\jairo\AppData\Local\Programs\cursor\resources\app\bin;C:\Users\jairo\AppData\Local\Programs\Microsoft VS Code\bin
USERNAME=jairo
OS=Windows_NT
PROCESSOR_IDENTIFIER=Intel64 Family 6 Model 142 Stepping 9, GenuineIntel



---------------  S Y S T E M  ---------------

OS:
 Windows 11 , 64 bit Build 26100 (10.0.26100.8328)
OS uptime: 1 days 1:18 hours

CPU: total 4 (initial active 4) (2 cores per cpu, 2 threads per core) family 6 model 142 stepping 9 microcode 0xde, cx8, cmov, fxsr, ht, mmx, 3dnowpref, sse, sse2, sse3, ssse3, sse4.1, sse4.2, popcnt, lzcnt, tsc, tscinvbit, avx, avx2, aes, erms, clmul, bmi1, bmi2, adx, fma, vzeroupper, clflush, clflushopt

Memory: 4k page, system-wide physical 3962M (210M free)
TotalPageFile size 16250M (AvailPageFile size 23M)
current process WorkingSet (physical memory assigned to process): 12M, peak: 12M
current process commit charge ("private bytes"): 47M, peak: 109M

vm_info: Java HotSpot(TM) 64-Bit Server VM (17.0.12+8-LTS-286) for windows-amd64 JRE (17.0.12+8-LTS-286), built on Jun  5 2024 06:46:59 by "mach5one" with MS VC++ 17.6 (VS2022)

END.
